[0.391s] Invoking command in '/home/manavendra/ros2_ws/src/build/lab2': CMAKE_PREFIX_PATH=/opt/ros/foxy CONDA_PROMPT_MODIFIER=(base) /usr/bin/cmake /home/manavendra/ros2_ws/src/lab2 -DCMAKE_INSTALL_PREFIX=/home/manavendra/ros2_ws/src/install/lab2
[0.465s] -- The C compiler identification is GNU 9.4.0
[0.529s] -- The CXX compiler identification is GNU 9.4.0
[0.534s] -- Check for working C compiler: /usr/bin/cc
[0.617s] -- Check for working C compiler: /usr/bin/cc -- works
[0.618s] -- Detecting C compiler ABI info
[0.720s] -- Detecting C compiler ABI info - done
[0.743s] -- Detecting C compile features
[0.744s] -- Detecting C compile features - done
[0.749s] -- Check for working CXX compiler: /usr/bin/c++
[0.869s] -- Check for working CXX compiler: /usr/bin/c++ -- works
[0.871s] -- Detecting CXX compiler ABI info
[0.971s] -- Detecting CXX compiler ABI info - done
[0.990s] -- Detecting CXX compile features
[0.990s] -- Detecting CXX compile features - done
[0.993s] -- Found ament_cmake: 0.9.12 (/opt/ros/foxy/share/ament_cmake/cmake)
[1.020s] -- Found PythonInterp: /home/manavendra/miniconda3/bin/python3 (found suitable version "3.11.4", minimum required is "3") 
[1.020s] -- Using PYTHON_EXECUTABLE: /home/manavendra/miniconda3/bin/python3
[1.266s] -- Found ament_lint_auto: 0.9.8 (/opt/ros/foxy/share/ament_lint_auto/cmake)
[1.446s] -- Added test 'copyright' to check source files copyright and LICENSE
[1.448s] -- Added test 'cppcheck' to perform static code analysis on C / C++ code
[1.449s] -- Configured cppcheck include dirs: 
[1.449s] -- Configured cppcheck exclude dirs and/or files: 
[1.450s] -- Added test 'cpplint' to check C / C++ code against the Google style
[1.450s] -- Configured cpplint exclude dirs and/or files: 
[1.451s] -- Added test 'flake8' to check Python code syntax and style conventions
[1.453s] -- Added test 'lint_cmake' to check CMake code style
[1.454s] -- Added test 'pep257' to check Python code against some of the style conventions in PEP 257
[1.456s] -- Added test 'uncrustify' to check C / C++ code style
[1.456s] -- Configured uncrustify additional arguments: 
[1.457s] -- Added test 'xmllint' to check XML markup files
[1.461s] -- Configuring done
[1.464s] -- Generating done
[1.465s] -- Build files have been written to: /home/manavendra/ros2_ws/src/build/lab2
[1.468s] Invoked command in '/home/manavendra/ros2_ws/src/build/lab2' returned '0': CMAKE_PREFIX_PATH=/opt/ros/foxy CONDA_PROMPT_MODIFIER=(base) /usr/bin/cmake /home/manavendra/ros2_ws/src/lab2 -DCMAKE_INSTALL_PREFIX=/home/manavendra/ros2_ws/src/install/lab2
[1.473s] Invoking command in '/home/manavendra/ros2_ws/src/build/lab2': CMAKE_PREFIX_PATH=/opt/ros/foxy CONDA_PROMPT_MODIFIER=(base) /usr/bin/cmake --build /home/manavendra/ros2_ws/src/build/lab2 -- -j8 -l8
[1.522s] Invoked command in '/home/manavendra/ros2_ws/src/build/lab2' returned '0': CMAKE_PREFIX_PATH=/opt/ros/foxy CONDA_PROMPT_MODIFIER=(base) /usr/bin/cmake --build /home/manavendra/ros2_ws/src/build/lab2 -- -j8 -l8
[1.564s] Invoking command in '/home/manavendra/ros2_ws/src/build/lab2': CMAKE_PREFIX_PATH=/opt/ros/foxy CONDA_PROMPT_MODIFIER=(base) /usr/bin/cmake --install /home/manavendra/ros2_ws/src/build/lab2
[1.578s] -- Install configuration: ""
[1.581s] -- Installing: /home/manavendra/ros2_ws/src/install/lab2/share/ament_index/resource_index/package_run_dependencies/lab2
[1.582s] -- Installing: /home/manavendra/ros2_ws/src/install/lab2/share/ament_index/resource_index/parent_prefix_path/lab2
[1.582s] -- Installing: /home/manavendra/ros2_ws/src/install/lab2/share/lab2/environment/ament_prefix_path.sh
[1.583s] -- Installing: /home/manavendra/ros2_ws/src/install/lab2/share/lab2/environment/ament_prefix_path.dsv
[1.583s] -- Installing: /home/manavendra/ros2_ws/src/install/lab2/share/lab2/environment/path.sh
[1.584s] -- Installing: /home/manavendra/ros2_ws/src/install/lab2/share/lab2/environment/path.dsv
[1.584s] -- Installing: /home/manavendra/ros2_ws/src/install/lab2/share/lab2/local_setup.bash
[1.584s] -- Installing: /home/manavendra/ros2_ws/src/install/lab2/share/lab2/local_setup.sh
[1.585s] -- Installing: /home/manavendra/ros2_ws/src/install/lab2/share/lab2/local_setup.zsh
[1.585s] -- Installing: /home/manavendra/ros2_ws/src/install/lab2/share/lab2/local_setup.dsv
[1.586s] -- Installing: /home/manavendra/ros2_ws/src/install/lab2/share/lab2/package.dsv
[1.586s] -- Installing: /home/manavendra/ros2_ws/src/install/lab2/share/ament_index/resource_index/packages/lab2
[1.586s] -- Installing: /home/manavendra/ros2_ws/src/install/lab2/share/lab2/cmake/lab2Config.cmake
[1.587s] -- Installing: /home/manavendra/ros2_ws/src/install/lab2/share/lab2/cmake/lab2Config-version.cmake
[1.587s] -- Installing: /home/manavendra/ros2_ws/src/install/lab2/share/lab2/package.xml
[1.588s] Invoked command in '/home/manavendra/ros2_ws/src/build/lab2' returned '0': CMAKE_PREFIX_PATH=/opt/ros/foxy CONDA_PROMPT_MODIFIER=(base) /usr/bin/cmake --install /home/manavendra/ros2_ws/src/build/lab2
