[0.042s] Invoking command in '/home/manavendra/ros2_ws/src/build/lab1_cpp': CMAKE_PREFIX_PATH=/opt/ros/foxy CONDA_PROMPT_MODIFIER=(base) /usr/bin/cmake /home/manavendra/ros2_ws/src/lab1_cpp -DCMAKE_INSTALL_PREFIX=/home/manavendra/ros2_ws/src/install/lab1_cpp
[0.415s] -- The C compiler identification is GNU 9.4.0
[0.415s] -- The CXX compiler identification is GNU 9.4.0
[0.415s] -- Check for working C compiler: /usr/bin/cc
[0.416s] -- Check for working C compiler: /usr/bin/cc -- works
[0.416s] -- Detecting C compiler ABI info
[0.418s] -- Detecting C compiler ABI info - done
[0.432s] -- Detecting C compile features
[0.432s] -- Detecting C compile features - done
[0.436s] -- Check for working CXX compiler: /usr/bin/c++
[0.536s] -- Check for working CXX compiler: /usr/bin/c++ -- works
[0.538s] -- Detecting CXX compiler ABI info
[0.638s] -- Detecting CXX compiler ABI info - done
[0.661s] -- Detecting CXX compile features
[0.662s] -- Detecting CXX compile features - done
[0.667s] -- Found ament_cmake: 0.9.12 (/opt/ros/foxy/share/ament_cmake/cmake)
[0.701s] -- Found PythonInterp: /home/manavendra/miniconda3/bin/python3 (found suitable version "3.11.4", minimum required is "3") 
[0.701s] -- Using PYTHON_EXECUTABLE: /home/manavendra/miniconda3/bin/python3
[0.956s] -- Found rclcpp: 2.4.3 (/opt/ros/foxy/share/rclcpp/cmake)
[1.028s] -- Using all available rosidl_typesupport_c: rosidl_typesupport_fastrtps_c;rosidl_typesupport_introspection_c
[1.038s] -- Found rosidl_adapter: 1.3.1 (/opt/ros/foxy/share/rosidl_adapter/cmake)
[1.149s] -- Found OpenSSL: /usr/lib/x86_64-linux-gnu/libcrypto.so (found version "1.1.1f")  
[1.196s] -- Found FastRTPS: /opt/ros/foxy/include  
[1.356s] -- Using all available rosidl_typesupport_cpp: rosidl_typesupport_fastrtps_cpp;rosidl_typesupport_introspection_cpp
[1.483s] -- Found rmw_implementation_cmake: 1.0.4 (/opt/ros/foxy/share/rmw_implementation_cmake/cmake)
[1.486s] -- Using RMW implementation 'rmw_fastrtps_cpp' as default
[1.488s] -- Looking for pthread.h
[1.583s] -- Looking for pthread.h - found
[1.583s] -- Performing Test CMAKE_HAVE_LIBC_PTHREAD
[1.675s] -- Performing Test CMAKE_HAVE_LIBC_PTHREAD - Failed
[1.675s] -- Looking for pthread_create in pthreads
[1.749s] -- Looking for pthread_create in pthreads - not found
[1.749s] -- Looking for pthread_create in pthread
[1.831s] -- Looking for pthread_create in pthread - found
[1.833s] -- Found Threads: TRUE  
[2.024s] -- Found ackermann_msgs: 2.0.2 (/opt/ros/foxy/share/ackermann_msgs/cmake)
[2.067s] -- Found ament_lint_auto: 0.9.8 (/opt/ros/foxy/share/ament_lint_auto/cmake)
[2.186s] -- Added test 'copyright' to check source files copyright and LICENSE
[2.188s] -- Added test 'cppcheck' to perform static code analysis on C / C++ code
[2.188s] -- Configured cppcheck include dirs: 
[2.189s] -- Configured cppcheck exclude dirs and/or files: 
[2.190s] -- Added test 'cpplint' to check C / C++ code against the Google style
[2.190s] -- Configured cpplint exclude dirs and/or files: 
[2.191s] -- Added test 'flake8' to check Python code syntax and style conventions
[2.192s] -- Added test 'lint_cmake' to check CMake code style
[2.193s] -- Added test 'pep257' to check Python code against some of the style conventions in PEP 257
[2.195s] -- Added test 'uncrustify' to check C / C++ code style
[2.195s] -- Configured uncrustify additional arguments: 
[2.196s] -- Added test 'xmllint' to check XML markup files
[2.201s] -- Configuring done
[2.222s] -- Generating done
[2.225s] -- Build files have been written to: /home/manavendra/ros2_ws/src/build/lab1_cpp
[2.234s] Invoked command in '/home/manavendra/ros2_ws/src/build/lab1_cpp' returned '0': CMAKE_PREFIX_PATH=/opt/ros/foxy CONDA_PROMPT_MODIFIER=(base) /usr/bin/cmake /home/manavendra/ros2_ws/src/lab1_cpp -DCMAKE_INSTALL_PREFIX=/home/manavendra/ros2_ws/src/install/lab1_cpp
[2.239s] Invoking command in '/home/manavendra/ros2_ws/src/build/lab1_cpp': CMAKE_PREFIX_PATH=/opt/ros/foxy CONDA_PROMPT_MODIFIER=(base) /usr/bin/cmake --build /home/manavendra/ros2_ws/src/build/lab1_cpp -- -j8 -l8
[2.284s] [35m[1mScanning dependencies of target talker[0m
[2.286s] [35m[1mScanning dependencies of target relay[0m
[2.369s] [ 25%] [32mBuilding CXX object CMakeFiles/relay.dir/src/relay.cpp.o[0m
[2.374s] [ 50%] [32mBuilding CXX object CMakeFiles/talker.dir/src/talker.cpp.o[0m
[5.749s] [ 75%] [32m[1mLinking CXX executable talker[0m
[5.976s] [ 75%] Built target talker
[7.773s] [100%] [32m[1mLinking CXX executable relay[0m
[8.050s] [100%] Built target relay
[8.063s] Invoked command in '/home/manavendra/ros2_ws/src/build/lab1_cpp' returned '0': CMAKE_PREFIX_PATH=/opt/ros/foxy CONDA_PROMPT_MODIFIER=(base) /usr/bin/cmake --build /home/manavendra/ros2_ws/src/build/lab1_cpp -- -j8 -l8
[8.100s] Invoking command in '/home/manavendra/ros2_ws/src/build/lab1_cpp': CMAKE_PREFIX_PATH=/opt/ros/foxy CONDA_PROMPT_MODIFIER=(base) /usr/bin/cmake --install /home/manavendra/ros2_ws/src/build/lab1_cpp
[8.110s] -- Install configuration: ""
[8.110s] -- Installing: /home/manavendra/ros2_ws/src/install/lab1_cpp/lib/lab1_cpp/talker
[8.112s] -- Set runtime path of "/home/manavendra/ros2_ws/src/install/lab1_cpp/lib/lab1_cpp/talker" to ""
[8.112s] -- Installing: /home/manavendra/ros2_ws/src/install/lab1_cpp/lib/lab1_cpp/relay
[8.116s] -- Set runtime path of "/home/manavendra/ros2_ws/src/install/lab1_cpp/lib/lab1_cpp/relay" to ""
[8.116s] -- Installing: /home/manavendra/ros2_ws/src/install/lab1_cpp/share/lab1_cpp/launch
[8.116s] -- Installing: /home/manavendra/ros2_ws/src/install/lab1_cpp/share/lab1_cpp/launch/__pycache__
[8.116s] -- Installing: /home/manavendra/ros2_ws/src/install/lab1_cpp/share/lab1_cpp/launch/__pycache__/lab1_launch.cpython-38.pyc
[8.117s] -- Installing: /home/manavendra/ros2_ws/src/install/lab1_cpp/share/lab1_cpp/launch/lab1_launch.py
[8.117s] -- Installing: /home/manavendra/ros2_ws/src/install/lab1_cpp/share/ament_index/resource_index/package_run_dependencies/lab1_cpp
[8.117s] -- Installing: /home/manavendra/ros2_ws/src/install/lab1_cpp/share/ament_index/resource_index/parent_prefix_path/lab1_cpp
[8.117s] -- Installing: /home/manavendra/ros2_ws/src/install/lab1_cpp/share/lab1_cpp/environment/ament_prefix_path.sh
[8.117s] -- Installing: /home/manavendra/ros2_ws/src/install/lab1_cpp/share/lab1_cpp/environment/ament_prefix_path.dsv
[8.118s] -- Installing: /home/manavendra/ros2_ws/src/install/lab1_cpp/share/lab1_cpp/environment/path.sh
[8.118s] -- Installing: /home/manavendra/ros2_ws/src/install/lab1_cpp/share/lab1_cpp/environment/path.dsv
[8.118s] -- Installing: /home/manavendra/ros2_ws/src/install/lab1_cpp/share/lab1_cpp/local_setup.bash
[8.118s] -- Installing: /home/manavendra/ros2_ws/src/install/lab1_cpp/share/lab1_cpp/local_setup.sh
[8.118s] -- Installing: /home/manavendra/ros2_ws/src/install/lab1_cpp/share/lab1_cpp/local_setup.zsh
[8.119s] -- Installing: /home/manavendra/ros2_ws/src/install/lab1_cpp/share/lab1_cpp/local_setup.dsv
[8.119s] -- Installing: /home/manavendra/ros2_ws/src/install/lab1_cpp/share/lab1_cpp/package.dsv
[8.119s] -- Installing: /home/manavendra/ros2_ws/src/install/lab1_cpp/share/ament_index/resource_index/packages/lab1_cpp
[8.119s] -- Installing: /home/manavendra/ros2_ws/src/install/lab1_cpp/share/lab1_cpp/cmake/lab1_cppConfig.cmake
[8.119s] -- Installing: /home/manavendra/ros2_ws/src/install/lab1_cpp/share/lab1_cpp/cmake/lab1_cppConfig-version.cmake
[8.120s] -- Installing: /home/manavendra/ros2_ws/src/install/lab1_cpp/share/lab1_cpp/package.xml
[8.124s] Invoked command in '/home/manavendra/ros2_ws/src/build/lab1_cpp' returned '0': CMAKE_PREFIX_PATH=/opt/ros/foxy CONDA_PROMPT_MODIFIER=(base) /usr/bin/cmake --install /home/manavendra/ros2_ws/src/build/lab1_cpp
