[0.222s] DEBUG:colcon:Command line arguments: ['/usr/bin/colcon', 'build']
[0.222s] DEBUG:colcon:Parsed command line arguments: Namespace(allow_overriding=[], ament_cmake_args=None, base_paths=['.'], build_base='build', catkin_cmake_args=None, catkin_skip_building_tests=False, cmake_args=None, cmake_clean_cache=False, cmake_clean_first=False, cmake_force_configure=False, cmake_target=None, cmake_target_skip_unavailable=False, continue_on_error=False, event_handlers=None, executor='parallel', ignore_user_meta=False, install_base='install', log_base=None, log_level=None, main=<bound method BuildVerb.main of <colcon_core.verb.build.BuildVerb object at 0x7f36c6aa3be0>>, merge_install=False, metas=['./colcon.meta'], packages_above=None, packages_above_and_dependencies=None, packages_above_depth=None, packages_end=None, packages_ignore=None, packages_ignore_regex=None, packages_select=None, packages_select_build_failed=False, packages_select_by_dep=None, packages_select_regex=None, packages_select_test_failures=False, packages_skip=None, packages_skip_build_finished=False, packages_skip_by_dep=None, packages_skip_regex=None, packages_skip_test_passed=False, packages_skip_up_to=None, packages_start=None, packages_up_to=None, packages_up_to_regex=None, parallel_workers=8, paths=None, symlink_install=False, test_result_base=None, verb_extension=<colcon_core.verb.build.BuildVerb object at 0x7f36c6aa3be0>, verb_name='build', verb_parser=<colcon_defaults.argument_parser.defaults.DefaultArgumentsDecorator object at 0x7f36c6ab6190>)
[0.392s] Level 1:colcon.colcon_core.package_discovery:discover_packages(colcon_meta) check parameters
[0.392s] Level 1:colcon.colcon_core.package_discovery:discover_packages(recursive) check parameters
[0.392s] Level 1:colcon.colcon_core.package_discovery:discover_packages(ignore) check parameters
[0.392s] Level 1:colcon.colcon_core.package_discovery:discover_packages(path) check parameters
[0.392s] Level 1:colcon.colcon_core.package_discovery:discover_packages(colcon_meta) discover
[0.392s] Level 1:colcon.colcon_core.package_discovery:discover_packages(recursive) discover
[0.392s] INFO:colcon.colcon_core.package_discovery:Crawling recursively for packages in '/home/manavendra/ros2_ws/src'
[0.392s] Level 1:colcon.colcon_core.package_identification:_identify(.) by extensions ['ignore', 'ignore_ament_install']
[0.392s] Level 1:colcon.colcon_core.package_identification:_identify(.) by extension 'ignore'
[0.393s] Level 1:colcon.colcon_core.package_identification:_identify(.) by extension 'ignore_ament_install'
[0.393s] Level 1:colcon.colcon_core.package_identification:_identify(.) by extensions ['colcon_pkg']
[0.393s] Level 1:colcon.colcon_core.package_identification:_identify(.) by extension 'colcon_pkg'
[0.393s] Level 1:colcon.colcon_core.package_identification:_identify(.) by extensions ['colcon_meta']
[0.393s] Level 1:colcon.colcon_core.package_identification:_identify(.) by extension 'colcon_meta'
[0.393s] Level 1:colcon.colcon_core.package_identification:_identify(.) by extensions ['ros']
[0.393s] Level 1:colcon.colcon_core.package_identification:_identify(.) by extension 'ros'
[0.404s] Level 1:colcon.colcon_core.package_identification:_identify(.) by extensions ['cmake', 'python']
[0.404s] Level 1:colcon.colcon_core.package_identification:_identify(.) by extension 'cmake'
[0.404s] Level 1:colcon.colcon_core.package_identification:_identify(.) by extension 'python'
[0.404s] Level 1:colcon.colcon_core.package_identification:_identify(.) by extensions ['python_setup_py']
[0.404s] Level 1:colcon.colcon_core.package_identification:_identify(.) by extension 'python_setup_py'
[0.405s] Level 1:colcon.colcon_core.package_identification:_identify(build) by extensions ['ignore', 'ignore_ament_install']
[0.405s] Level 1:colcon.colcon_core.package_identification:_identify(build) by extension 'ignore'
[0.405s] Level 1:colcon.colcon_core.package_identification:_identify(build) ignored
[0.405s] Level 1:colcon.colcon_core.package_identification:_identify(install) by extensions ['ignore', 'ignore_ament_install']
[0.405s] Level 1:colcon.colcon_core.package_identification:_identify(install) by extension 'ignore'
[0.405s] Level 1:colcon.colcon_core.package_identification:_identify(install) ignored
[0.405s] Level 1:colcon.colcon_core.package_identification:_identify(lab1_cpp) by extensions ['ignore', 'ignore_ament_install']
[0.405s] Level 1:colcon.colcon_core.package_identification:_identify(lab1_cpp) by extension 'ignore'
[0.405s] Level 1:colcon.colcon_core.package_identification:_identify(lab1_cpp) by extension 'ignore_ament_install'
[0.405s] Level 1:colcon.colcon_core.package_identification:_identify(lab1_cpp) by extensions ['colcon_pkg']
[0.405s] Level 1:colcon.colcon_core.package_identification:_identify(lab1_cpp) by extension 'colcon_pkg'
[0.405s] Level 1:colcon.colcon_core.package_identification:_identify(lab1_cpp) by extensions ['colcon_meta']
[0.406s] Level 1:colcon.colcon_core.package_identification:_identify(lab1_cpp) by extension 'colcon_meta'
[0.406s] Level 1:colcon.colcon_core.package_identification:_identify(lab1_cpp) by extensions ['ros']
[0.406s] Level 1:colcon.colcon_core.package_identification:_identify(lab1_cpp) by extension 'ros'
[0.408s] DEBUG:colcon.colcon_core.package_identification:Package 'lab1_cpp' with type 'ros.ament_cmake' and name 'lab1_cpp'
[0.408s] Level 1:colcon.colcon_core.package_identification:_identify(lab1_py) by extensions ['ignore', 'ignore_ament_install']
[0.409s] Level 1:colcon.colcon_core.package_identification:_identify(lab1_py) by extension 'ignore'
[0.409s] Level 1:colcon.colcon_core.package_identification:_identify(lab1_py) by extension 'ignore_ament_install'
[0.409s] Level 1:colcon.colcon_core.package_identification:_identify(lab1_py) by extensions ['colcon_pkg']
[0.409s] Level 1:colcon.colcon_core.package_identification:_identify(lab1_py) by extension 'colcon_pkg'
[0.409s] Level 1:colcon.colcon_core.package_identification:_identify(lab1_py) by extensions ['colcon_meta']
[0.409s] Level 1:colcon.colcon_core.package_identification:_identify(lab1_py) by extension 'colcon_meta'
[0.409s] Level 1:colcon.colcon_core.package_identification:_identify(lab1_py) by extensions ['ros']
[0.409s] Level 1:colcon.colcon_core.package_identification:_identify(lab1_py) by extension 'ros'
[0.409s] DEBUG:colcon.colcon_core.package_identification:Package 'lab1_py' with type 'ros.ament_python' and name 'lab1_py'
[0.410s] Level 1:colcon.colcon_core.package_identification:_identify(lab2) by extensions ['ignore', 'ignore_ament_install']
[0.410s] Level 1:colcon.colcon_core.package_identification:_identify(lab2) by extension 'ignore'
[0.410s] Level 1:colcon.colcon_core.package_identification:_identify(lab2) by extension 'ignore_ament_install'
[0.410s] Level 1:colcon.colcon_core.package_identification:_identify(lab2) by extensions ['colcon_pkg']
[0.410s] Level 1:colcon.colcon_core.package_identification:_identify(lab2) by extension 'colcon_pkg'
[0.410s] Level 1:colcon.colcon_core.package_identification:_identify(lab2) by extensions ['colcon_meta']
[0.410s] Level 1:colcon.colcon_core.package_identification:_identify(lab2) by extension 'colcon_meta'
[0.410s] Level 1:colcon.colcon_core.package_identification:_identify(lab2) by extensions ['ros']
[0.410s] Level 1:colcon.colcon_core.package_identification:_identify(lab2) by extension 'ros'
[0.410s] DEBUG:colcon.colcon_core.package_identification:Package 'lab2' with type 'ros.ament_cmake' and name 'lab2'
[0.411s] Level 1:colcon.colcon_core.package_identification:_identify(log) by extensions ['ignore', 'ignore_ament_install']
[0.411s] Level 1:colcon.colcon_core.package_identification:_identify(log) by extension 'ignore'
[0.411s] Level 1:colcon.colcon_core.package_identification:_identify(log) ignored
[0.411s] Level 1:colcon.colcon_core.package_discovery:discover_packages(recursive) using defaults
[0.411s] Level 1:colcon.colcon_core.package_discovery:discover_packages(ignore) discover
[0.411s] Level 1:colcon.colcon_core.package_discovery:discover_packages(ignore) using defaults
[0.411s] Level 1:colcon.colcon_core.package_discovery:discover_packages(path) discover
[0.411s] Level 1:colcon.colcon_core.package_discovery:discover_packages(path) using defaults
[0.427s] Level 1:colcon.colcon_core.package_discovery:discover_packages(prefix_path) check parameters
[0.427s] Level 1:colcon.colcon_core.package_discovery:discover_packages(prefix_path) discover
[0.430s] DEBUG:colcon.colcon_installed_package_information.package_discovery:Found 303 installed packages in /opt/ros/foxy
[0.443s] Level 1:colcon.colcon_core.package_discovery:discover_packages(prefix_path) using defaults
[0.518s] Level 5:colcon.colcon_core.verb:set package 'lab1_cpp' build argument 'cmake_args' from command line to 'None'
[0.518s] Level 5:colcon.colcon_core.verb:set package 'lab1_cpp' build argument 'cmake_target' from command line to 'None'
[0.518s] Level 5:colcon.colcon_core.verb:set package 'lab1_cpp' build argument 'cmake_target_skip_unavailable' from command line to 'False'
[0.518s] Level 5:colcon.colcon_core.verb:set package 'lab1_cpp' build argument 'cmake_clean_cache' from command line to 'False'
[0.519s] Level 5:colcon.colcon_core.verb:set package 'lab1_cpp' build argument 'cmake_clean_first' from command line to 'False'
[0.519s] Level 5:colcon.colcon_core.verb:set package 'lab1_cpp' build argument 'cmake_force_configure' from command line to 'False'
[0.519s] Level 5:colcon.colcon_core.verb:set package 'lab1_cpp' build argument 'ament_cmake_args' from command line to 'None'
[0.519s] Level 5:colcon.colcon_core.verb:set package 'lab1_cpp' build argument 'catkin_cmake_args' from command line to 'None'
[0.519s] Level 5:colcon.colcon_core.verb:set package 'lab1_cpp' build argument 'catkin_skip_building_tests' from command line to 'False'
[0.519s] DEBUG:colcon.colcon_core.verb:Building package 'lab1_cpp' with the following arguments: {'ament_cmake_args': None, 'build_base': '/home/manavendra/ros2_ws/src/build/lab1_cpp', 'catkin_cmake_args': None, 'catkin_skip_building_tests': False, 'cmake_args': None, 'cmake_clean_cache': False, 'cmake_clean_first': False, 'cmake_force_configure': False, 'cmake_target': None, 'cmake_target_skip_unavailable': False, 'install_base': '/home/manavendra/ros2_ws/src/install/lab1_cpp', 'merge_install': False, 'path': '/home/manavendra/ros2_ws/src/lab1_cpp', 'symlink_install': False, 'test_result_base': None}
[0.519s] Level 5:colcon.colcon_core.verb:set package 'lab1_py' build argument 'cmake_args' from command line to 'None'
[0.519s] Level 5:colcon.colcon_core.verb:set package 'lab1_py' build argument 'cmake_target' from command line to 'None'
[0.519s] Level 5:colcon.colcon_core.verb:set package 'lab1_py' build argument 'cmake_target_skip_unavailable' from command line to 'False'
[0.519s] Level 5:colcon.colcon_core.verb:set package 'lab1_py' build argument 'cmake_clean_cache' from command line to 'False'
[0.519s] Level 5:colcon.colcon_core.verb:set package 'lab1_py' build argument 'cmake_clean_first' from command line to 'False'
[0.519s] Level 5:colcon.colcon_core.verb:set package 'lab1_py' build argument 'cmake_force_configure' from command line to 'False'
[0.520s] Level 5:colcon.colcon_core.verb:set package 'lab1_py' build argument 'ament_cmake_args' from command line to 'None'
[0.520s] Level 5:colcon.colcon_core.verb:set package 'lab1_py' build argument 'catkin_cmake_args' from command line to 'None'
[0.520s] Level 5:colcon.colcon_core.verb:set package 'lab1_py' build argument 'catkin_skip_building_tests' from command line to 'False'
[0.520s] DEBUG:colcon.colcon_core.verb:Building package 'lab1_py' with the following arguments: {'ament_cmake_args': None, 'build_base': '/home/manavendra/ros2_ws/src/build/lab1_py', 'catkin_cmake_args': None, 'catkin_skip_building_tests': False, 'cmake_args': None, 'cmake_clean_cache': False, 'cmake_clean_first': False, 'cmake_force_configure': False, 'cmake_target': None, 'cmake_target_skip_unavailable': False, 'install_base': '/home/manavendra/ros2_ws/src/install/lab1_py', 'merge_install': False, 'path': '/home/manavendra/ros2_ws/src/lab1_py', 'symlink_install': False, 'test_result_base': None}
[0.520s] Level 5:colcon.colcon_core.verb:set package 'lab2' build argument 'cmake_args' from command line to 'None'
[0.520s] Level 5:colcon.colcon_core.verb:set package 'lab2' build argument 'cmake_target' from command line to 'None'
[0.520s] Level 5:colcon.colcon_core.verb:set package 'lab2' build argument 'cmake_target_skip_unavailable' from command line to 'False'
[0.520s] Level 5:colcon.colcon_core.verb:set package 'lab2' build argument 'cmake_clean_cache' from command line to 'False'
[0.520s] Level 5:colcon.colcon_core.verb:set package 'lab2' build argument 'cmake_clean_first' from command line to 'False'
[0.520s] Level 5:colcon.colcon_core.verb:set package 'lab2' build argument 'cmake_force_configure' from command line to 'False'
[0.520s] Level 5:colcon.colcon_core.verb:set package 'lab2' build argument 'ament_cmake_args' from command line to 'None'
[0.520s] Level 5:colcon.colcon_core.verb:set package 'lab2' build argument 'catkin_cmake_args' from command line to 'None'
[0.520s] Level 5:colcon.colcon_core.verb:set package 'lab2' build argument 'catkin_skip_building_tests' from command line to 'False'
[0.520s] DEBUG:colcon.colcon_core.verb:Building package 'lab2' with the following arguments: {'ament_cmake_args': None, 'build_base': '/home/manavendra/ros2_ws/src/build/lab2', 'catkin_cmake_args': None, 'catkin_skip_building_tests': False, 'cmake_args': None, 'cmake_clean_cache': False, 'cmake_clean_first': False, 'cmake_force_configure': False, 'cmake_target': None, 'cmake_target_skip_unavailable': False, 'install_base': '/home/manavendra/ros2_ws/src/install/lab2', 'merge_install': False, 'path': '/home/manavendra/ros2_ws/src/lab2', 'symlink_install': False, 'test_result_base': None}
[0.521s] INFO:colcon.colcon_core.executor:Executing jobs using 'parallel' executor
[0.522s] DEBUG:colcon.colcon_parallel_executor.executor.parallel:run_until_complete
[0.522s] INFO:colcon.colcon_ros.task.ament_cmake.build:Building ROS package in '/home/manavendra/ros2_ws/src/lab1_cpp' with build type 'ament_cmake'
[0.522s] INFO:colcon.colcon_cmake.task.cmake.build:Building CMake package in '/home/manavendra/ros2_ws/src/lab1_cpp'
[0.525s] INFO:colcon.colcon_core.plugin_system:Skipping extension 'colcon_core.shell.bat': Not used on non-Windows systems
[0.526s] INFO:colcon.colcon_core.shell:Skip shell extension 'powershell' for command environment: Not usable outside of PowerShell
[0.526s] DEBUG:colcon.colcon_core.shell:Skip shell extension 'dsv' for command environment
[0.532s] INFO:colcon.colcon_ros.task.ament_python.build:Building ROS package in '/home/manavendra/ros2_ws/src/lab1_py' with build type 'ament_python'
[0.532s] Level 1:colcon.colcon_core.shell:create_environment_hook('lab1_py', 'ament_prefix_path')
[0.533s] INFO:colcon.colcon_core.shell:Creating environment hook '/home/manavendra/ros2_ws/src/install/lab1_py/share/lab1_py/hook/ament_prefix_path.ps1'
[0.535s] INFO:colcon.colcon_core.shell:Creating environment descriptor '/home/manavendra/ros2_ws/src/install/lab1_py/share/lab1_py/hook/ament_prefix_path.dsv'
[0.535s] INFO:colcon.colcon_core.shell:Creating environment hook '/home/manavendra/ros2_ws/src/install/lab1_py/share/lab1_py/hook/ament_prefix_path.sh'
[0.536s] INFO:colcon.colcon_core.shell:Skip shell extension 'powershell' for command environment: Not usable outside of PowerShell
[0.536s] DEBUG:colcon.colcon_core.shell:Skip shell extension 'dsv' for command environment
[0.544s] INFO:colcon.colcon_ros.task.ament_cmake.build:Building ROS package in '/home/manavendra/ros2_ws/src/lab2' with build type 'ament_cmake'
[0.545s] INFO:colcon.colcon_cmake.task.cmake.build:Building CMake package in '/home/manavendra/ros2_ws/src/lab2'
[0.546s] INFO:colcon.colcon_core.shell:Skip shell extension 'powershell' for command environment: Not usable outside of PowerShell
[0.546s] DEBUG:colcon.colcon_core.shell:Skip shell extension 'dsv' for command environment
[0.566s] DEBUG:colcon.colcon_core.event_handler.log_command:Invoking command in '/home/manavendra/ros2_ws/src/build/lab1_cpp': CMAKE_PREFIX_PATH=/opt/ros/foxy CONDA_PROMPT_MODIFIER=(base) /usr/bin/cmake /home/manavendra/ros2_ws/src/lab1_cpp -DCMAKE_INSTALL_PREFIX=/home/manavendra/ros2_ws/src/install/lab1_cpp
[0.921s] INFO:colcon.colcon_core.task.python.build:Building Python package in '/home/manavendra/ros2_ws/src/lab1_py'
[0.922s] INFO:colcon.colcon_core.shell:Skip shell extension 'powershell' for command environment: Not usable outside of PowerShell
[0.922s] DEBUG:colcon.colcon_core.shell:Skip shell extension 'dsv' for command environment
[0.936s] DEBUG:colcon.colcon_core.event_handler.log_command:Invoking command in '/home/manavendra/ros2_ws/src/build/lab2': CMAKE_PREFIX_PATH=/opt/ros/foxy CONDA_PROMPT_MODIFIER=(base) /usr/bin/cmake /home/manavendra/ros2_ws/src/lab2 -DCMAKE_INSTALL_PREFIX=/home/manavendra/ros2_ws/src/install/lab2
[1.607s] DEBUG:colcon.colcon_core.event_handler.log_command:Invoking command in '/home/manavendra/ros2_ws/src/lab1_py': CONDA_PROMPT_MODIFIER=(base) PYTHONPATH=/home/manavendra/ros2_ws/src/build/lab1_py/prefix_override:/home/manavendra/ros2_ws/src/install/lab1_py/lib/python3.8/site-packages:${PYTHONPATH} /usr/bin/python3 -W ignore:setup.py install is deprecated setup.py egg_info --egg-base ../build/lab1_py build --build-base /home/manavendra/ros2_ws/src/build/lab1_py/build install --record /home/manavendra/ros2_ws/src/build/lab1_py/install.log --install-scripts $base/lib/lab1_py --single-version-externally-managed install_data
[2.014s] DEBUG:colcon.colcon_core.event_handler.log_command:Invoked command in '/home/manavendra/ros2_ws/src/build/lab2' returned '0': CMAKE_PREFIX_PATH=/opt/ros/foxy CONDA_PROMPT_MODIFIER=(base) /usr/bin/cmake /home/manavendra/ros2_ws/src/lab2 -DCMAKE_INSTALL_PREFIX=/home/manavendra/ros2_ws/src/install/lab2
[2.018s] DEBUG:colcon.colcon_core.event_handler.log_command:Invoking command in '/home/manavendra/ros2_ws/src/build/lab2': CMAKE_PREFIX_PATH=/opt/ros/foxy CONDA_PROMPT_MODIFIER=(base) /usr/bin/cmake --build /home/manavendra/ros2_ws/src/build/lab2 -- -j8 -l8
[2.067s] DEBUG:colcon.colcon_core.event_handler.log_command:Invoked command in '/home/manavendra/ros2_ws/src/build/lab2' returned '0': CMAKE_PREFIX_PATH=/opt/ros/foxy CONDA_PROMPT_MODIFIER=(base) /usr/bin/cmake --build /home/manavendra/ros2_ws/src/build/lab2 -- -j8 -l8
[2.109s] DEBUG:colcon.colcon_core.event_handler.log_command:Invoking command in '/home/manavendra/ros2_ws/src/build/lab2': CMAKE_PREFIX_PATH=/opt/ros/foxy CONDA_PROMPT_MODIFIER=(base) /usr/bin/cmake --install /home/manavendra/ros2_ws/src/build/lab2
[2.112s] DEBUG:colcon.colcon_core.event_handler.log_command:Invoked command in '/home/manavendra/ros2_ws/src/lab1_py' returned '0': CONDA_PROMPT_MODIFIER=(base) PYTHONPATH=/home/manavendra/ros2_ws/src/build/lab1_py/prefix_override:/home/manavendra/ros2_ws/src/install/lab1_py/lib/python3.8/site-packages:${PYTHONPATH} /usr/bin/python3 -W ignore:setup.py install is deprecated setup.py egg_info --egg-base ../build/lab1_py build --build-base /home/manavendra/ros2_ws/src/build/lab1_py/build install --record /home/manavendra/ros2_ws/src/build/lab1_py/install.log --install-scripts $base/lib/lab1_py --single-version-externally-managed install_data
[2.116s] Level 1:colcon.colcon_core.environment:checking '/home/manavendra/ros2_ws/src/install/lab1_py' for CMake module files
[2.117s] Level 1:colcon.colcon_core.environment:checking '/home/manavendra/ros2_ws/src/install/lab1_py' for CMake config files
[2.118s] Level 1:colcon.colcon_core.environment:checking '/home/manavendra/ros2_ws/src/install/lab1_py/lib'
[2.118s] Level 1:colcon.colcon_core.environment:checking '/home/manavendra/ros2_ws/src/install/lab1_py/bin'
[2.118s] Level 1:colcon.colcon_core.environment:checking '/home/manavendra/ros2_ws/src/install/lab1_py/lib/pkgconfig/lab1_py.pc'
[2.119s] Level 1:colcon.colcon_core.environment:checking '/home/manavendra/ros2_ws/src/install/lab1_py/lib/python3.8/site-packages'
[2.119s] Level 1:colcon.colcon_core.shell:create_environment_hook('lab1_py', 'pythonpath')
[2.119s] INFO:colcon.colcon_core.shell:Creating environment hook '/home/manavendra/ros2_ws/src/install/lab1_py/share/lab1_py/hook/pythonpath.ps1'
[2.120s] INFO:colcon.colcon_core.shell:Creating environment descriptor '/home/manavendra/ros2_ws/src/install/lab1_py/share/lab1_py/hook/pythonpath.dsv'
[2.121s] INFO:colcon.colcon_core.shell:Creating environment hook '/home/manavendra/ros2_ws/src/install/lab1_py/share/lab1_py/hook/pythonpath.sh'
[2.122s] Level 1:colcon.colcon_core.environment:checking '/home/manavendra/ros2_ws/src/install/lab1_py/bin'
[2.122s] Level 1:colcon.colcon_core.environment:create_environment_scripts_only(lab1_py)
[2.123s] INFO:colcon.colcon_core.shell:Creating package script '/home/manavendra/ros2_ws/src/install/lab1_py/share/lab1_py/package.ps1'
[2.126s] INFO:colcon.colcon_core.shell:Creating package descriptor '/home/manavendra/ros2_ws/src/install/lab1_py/share/lab1_py/package.dsv'
[2.128s] INFO:colcon.colcon_core.shell:Creating package script '/home/manavendra/ros2_ws/src/install/lab1_py/share/lab1_py/package.sh'
[2.129s] INFO:colcon.colcon_core.shell:Creating package script '/home/manavendra/ros2_ws/src/install/lab1_py/share/lab1_py/package.bash'
[2.130s] INFO:colcon.colcon_core.shell:Creating package script '/home/manavendra/ros2_ws/src/install/lab1_py/share/lab1_py/package.zsh'
[2.131s] Level 1:colcon.colcon_core.environment:create_file_with_runtime_dependencies(/home/manavendra/ros2_ws/src/install/lab1_py/share/colcon-core/packages/lab1_py)
[2.133s] Level 1:colcon.colcon_core.environment:create_environment_scripts_only(lab2)
[2.133s] Level 1:colcon.colcon_core.environment:checking '/home/manavendra/ros2_ws/src/install/lab2' for CMake module files
[2.134s] DEBUG:colcon.colcon_core.event_handler.log_command:Invoked command in '/home/manavendra/ros2_ws/src/build/lab2' returned '0': CMAKE_PREFIX_PATH=/opt/ros/foxy CONDA_PROMPT_MODIFIER=(base) /usr/bin/cmake --install /home/manavendra/ros2_ws/src/build/lab2
[2.134s] Level 1:colcon.colcon_core.environment:checking '/home/manavendra/ros2_ws/src/install/lab2' for CMake config files
[2.135s] Level 1:colcon.colcon_core.shell:create_environment_hook('lab2', 'cmake_prefix_path')
[2.135s] INFO:colcon.colcon_core.shell:Creating environment hook '/home/manavendra/ros2_ws/src/install/lab2/share/lab2/hook/cmake_prefix_path.ps1'
[2.135s] INFO:colcon.colcon_core.shell:Creating environment descriptor '/home/manavendra/ros2_ws/src/install/lab2/share/lab2/hook/cmake_prefix_path.dsv'
[2.136s] INFO:colcon.colcon_core.shell:Creating environment hook '/home/manavendra/ros2_ws/src/install/lab2/share/lab2/hook/cmake_prefix_path.sh'
[2.136s] Level 1:colcon.colcon_core.environment:checking '/home/manavendra/ros2_ws/src/install/lab2/bin'
[2.136s] Level 1:colcon.colcon_core.environment:checking '/home/manavendra/ros2_ws/src/install/lab2/lib/pkgconfig/lab2.pc'
[2.137s] Level 1:colcon.colcon_core.environment:checking '/home/manavendra/ros2_ws/src/install/lab2/lib/python3.8/site-packages'
[2.137s] Level 1:colcon.colcon_core.environment:checking '/home/manavendra/ros2_ws/src/install/lab2/bin'
[2.137s] INFO:colcon.colcon_core.shell:Creating package script '/home/manavendra/ros2_ws/src/install/lab2/share/lab2/package.ps1'
[2.138s] INFO:colcon.colcon_core.shell:Creating package descriptor '/home/manavendra/ros2_ws/src/install/lab2/share/lab2/package.dsv'
[2.138s] INFO:colcon.colcon_core.shell:Creating package script '/home/manavendra/ros2_ws/src/install/lab2/share/lab2/package.sh'
[2.139s] INFO:colcon.colcon_core.shell:Creating package script '/home/manavendra/ros2_ws/src/install/lab2/share/lab2/package.bash'
[2.139s] INFO:colcon.colcon_core.shell:Creating package script '/home/manavendra/ros2_ws/src/install/lab2/share/lab2/package.zsh'
[2.139s] Level 1:colcon.colcon_core.environment:create_file_with_runtime_dependencies(/home/manavendra/ros2_ws/src/install/lab2/share/colcon-core/packages/lab2)
[2.167s] Level 1:colcon.colcon_core.environment:create_environment_scripts_only(lab2)
[2.167s] Level 1:colcon.colcon_core.environment:checking '/home/manavendra/ros2_ws/src/install/lab2' for CMake module files
[2.168s] Level 1:colcon.colcon_core.environment:checking '/home/manavendra/ros2_ws/src/install/lab2' for CMake config files
[2.168s] Level 1:colcon.colcon_core.shell:create_environment_hook('lab2', 'cmake_prefix_path')
[2.169s] INFO:colcon.colcon_core.shell:Creating environment hook '/home/manavendra/ros2_ws/src/install/lab2/share/lab2/hook/cmake_prefix_path.ps1'
[2.169s] INFO:colcon.colcon_core.shell:Creating environment descriptor '/home/manavendra/ros2_ws/src/install/lab2/share/lab2/hook/cmake_prefix_path.dsv'
[2.170s] INFO:colcon.colcon_core.shell:Creating environment hook '/home/manavendra/ros2_ws/src/install/lab2/share/lab2/hook/cmake_prefix_path.sh'
[2.170s] Level 1:colcon.colcon_core.environment:checking '/home/manavendra/ros2_ws/src/install/lab2/bin'
[2.170s] Level 1:colcon.colcon_core.environment:checking '/home/manavendra/ros2_ws/src/install/lab2/lib/pkgconfig/lab2.pc'
[2.171s] Level 1:colcon.colcon_core.environment:checking '/home/manavendra/ros2_ws/src/install/lab2/lib/python3.8/site-packages'
[2.171s] Level 1:colcon.colcon_core.environment:checking '/home/manavendra/ros2_ws/src/install/lab2/bin'
[2.172s] INFO:colcon.colcon_core.shell:Creating package script '/home/manavendra/ros2_ws/src/install/lab2/share/lab2/package.ps1'
[2.173s] INFO:colcon.colcon_core.shell:Creating package descriptor '/home/manavendra/ros2_ws/src/install/lab2/share/lab2/package.dsv'
[2.173s] INFO:colcon.colcon_core.shell:Creating package script '/home/manavendra/ros2_ws/src/install/lab2/share/lab2/package.sh'
[2.174s] INFO:colcon.colcon_core.shell:Creating package script '/home/manavendra/ros2_ws/src/install/lab2/share/lab2/package.bash'
[2.175s] INFO:colcon.colcon_core.shell:Creating package script '/home/manavendra/ros2_ws/src/install/lab2/share/lab2/package.zsh'
[2.175s] Level 1:colcon.colcon_core.environment:create_file_with_runtime_dependencies(/home/manavendra/ros2_ws/src/install/lab2/share/colcon-core/packages/lab2)
[2.757s] DEBUG:colcon.colcon_core.event_handler.log_command:Invoked command in '/home/manavendra/ros2_ws/src/build/lab1_cpp' returned '0': CMAKE_PREFIX_PATH=/opt/ros/foxy CONDA_PROMPT_MODIFIER=(base) /usr/bin/cmake /home/manavendra/ros2_ws/src/lab1_cpp -DCMAKE_INSTALL_PREFIX=/home/manavendra/ros2_ws/src/install/lab1_cpp
[2.762s] DEBUG:colcon.colcon_core.event_handler.log_command:Invoking command in '/home/manavendra/ros2_ws/src/build/lab1_cpp': CMAKE_PREFIX_PATH=/opt/ros/foxy CONDA_PROMPT_MODIFIER=(base) /usr/bin/cmake --build /home/manavendra/ros2_ws/src/build/lab1_cpp -- -j8 -l8
[8.586s] DEBUG:colcon.colcon_core.event_handler.log_command:Invoked command in '/home/manavendra/ros2_ws/src/build/lab1_cpp' returned '0': CMAKE_PREFIX_PATH=/opt/ros/foxy CONDA_PROMPT_MODIFIER=(base) /usr/bin/cmake --build /home/manavendra/ros2_ws/src/build/lab1_cpp -- -j8 -l8
[8.623s] DEBUG:colcon.colcon_core.event_handler.log_command:Invoking command in '/home/manavendra/ros2_ws/src/build/lab1_cpp': CMAKE_PREFIX_PATH=/opt/ros/foxy CONDA_PROMPT_MODIFIER=(base) /usr/bin/cmake --install /home/manavendra/ros2_ws/src/build/lab1_cpp
[8.645s] Level 1:colcon.colcon_core.environment:create_environment_scripts_only(lab1_cpp)
[8.646s] Level 1:colcon.colcon_core.environment:checking '/home/manavendra/ros2_ws/src/install/lab1_cpp' for CMake module files
[8.647s] DEBUG:colcon.colcon_core.event_handler.log_command:Invoked command in '/home/manavendra/ros2_ws/src/build/lab1_cpp' returned '0': CMAKE_PREFIX_PATH=/opt/ros/foxy CONDA_PROMPT_MODIFIER=(base) /usr/bin/cmake --install /home/manavendra/ros2_ws/src/build/lab1_cpp
[8.647s] Level 1:colcon.colcon_core.environment:checking '/home/manavendra/ros2_ws/src/install/lab1_cpp' for CMake config files
[8.648s] Level 1:colcon.colcon_core.shell:create_environment_hook('lab1_cpp', 'cmake_prefix_path')
[8.648s] INFO:colcon.colcon_core.shell:Creating environment hook '/home/manavendra/ros2_ws/src/install/lab1_cpp/share/lab1_cpp/hook/cmake_prefix_path.ps1'
[8.649s] INFO:colcon.colcon_core.shell:Creating environment descriptor '/home/manavendra/ros2_ws/src/install/lab1_cpp/share/lab1_cpp/hook/cmake_prefix_path.dsv'
[8.650s] INFO:colcon.colcon_core.shell:Creating environment hook '/home/manavendra/ros2_ws/src/install/lab1_cpp/share/lab1_cpp/hook/cmake_prefix_path.sh'
[8.651s] Level 1:colcon.colcon_core.environment:checking '/home/manavendra/ros2_ws/src/install/lab1_cpp/lib'
[8.651s] Level 1:colcon.colcon_core.environment:checking '/home/manavendra/ros2_ws/src/install/lab1_cpp/bin'
[8.651s] Level 1:colcon.colcon_core.environment:checking '/home/manavendra/ros2_ws/src/install/lab1_cpp/lib/pkgconfig/lab1_cpp.pc'
[8.652s] Level 1:colcon.colcon_core.environment:checking '/home/manavendra/ros2_ws/src/install/lab1_cpp/lib/python3.8/site-packages'
[8.652s] Level 1:colcon.colcon_core.environment:checking '/home/manavendra/ros2_ws/src/install/lab1_cpp/bin'
[8.653s] INFO:colcon.colcon_core.shell:Creating package script '/home/manavendra/ros2_ws/src/install/lab1_cpp/share/lab1_cpp/package.ps1'
[8.653s] INFO:colcon.colcon_core.shell:Creating package descriptor '/home/manavendra/ros2_ws/src/install/lab1_cpp/share/lab1_cpp/package.dsv'
[8.654s] INFO:colcon.colcon_core.shell:Creating package script '/home/manavendra/ros2_ws/src/install/lab1_cpp/share/lab1_cpp/package.sh'
[8.655s] INFO:colcon.colcon_core.shell:Creating package script '/home/manavendra/ros2_ws/src/install/lab1_cpp/share/lab1_cpp/package.bash'
[8.655s] INFO:colcon.colcon_core.shell:Creating package script '/home/manavendra/ros2_ws/src/install/lab1_cpp/share/lab1_cpp/package.zsh'
[8.656s] Level 1:colcon.colcon_core.environment:create_file_with_runtime_dependencies(/home/manavendra/ros2_ws/src/install/lab1_cpp/share/colcon-core/packages/lab1_cpp)
[8.689s] Level 1:colcon.colcon_core.environment:create_environment_scripts_only(lab1_cpp)
[8.690s] Level 1:colcon.colcon_core.environment:checking '/home/manavendra/ros2_ws/src/install/lab1_cpp' for CMake module files
[8.691s] Level 1:colcon.colcon_core.environment:checking '/home/manavendra/ros2_ws/src/install/lab1_cpp' for CMake config files
[8.692s] Level 1:colcon.colcon_core.shell:create_environment_hook('lab1_cpp', 'cmake_prefix_path')
[8.692s] INFO:colcon.colcon_core.shell:Creating environment hook '/home/manavendra/ros2_ws/src/install/lab1_cpp/share/lab1_cpp/hook/cmake_prefix_path.ps1'
[8.693s] INFO:colcon.colcon_core.shell:Creating environment descriptor '/home/manavendra/ros2_ws/src/install/lab1_cpp/share/lab1_cpp/hook/cmake_prefix_path.dsv'
[8.693s] INFO:colcon.colcon_core.shell:Creating environment hook '/home/manavendra/ros2_ws/src/install/lab1_cpp/share/lab1_cpp/hook/cmake_prefix_path.sh'
[8.694s] Level 1:colcon.colcon_core.environment:checking '/home/manavendra/ros2_ws/src/install/lab1_cpp/lib'
[8.694s] Level 1:colcon.colcon_core.environment:checking '/home/manavendra/ros2_ws/src/install/lab1_cpp/bin'
[8.694s] Level 1:colcon.colcon_core.environment:checking '/home/manavendra/ros2_ws/src/install/lab1_cpp/lib/pkgconfig/lab1_cpp.pc'
[8.695s] Level 1:colcon.colcon_core.environment:checking '/home/manavendra/ros2_ws/src/install/lab1_cpp/lib/python3.8/site-packages'
[8.695s] Level 1:colcon.colcon_core.environment:checking '/home/manavendra/ros2_ws/src/install/lab1_cpp/bin'
[8.696s] INFO:colcon.colcon_core.shell:Creating package script '/home/manavendra/ros2_ws/src/install/lab1_cpp/share/lab1_cpp/package.ps1'
[8.696s] INFO:colcon.colcon_core.shell:Creating package descriptor '/home/manavendra/ros2_ws/src/install/lab1_cpp/share/lab1_cpp/package.dsv'
[8.697s] INFO:colcon.colcon_core.shell:Creating package script '/home/manavendra/ros2_ws/src/install/lab1_cpp/share/lab1_cpp/package.sh'
[8.698s] INFO:colcon.colcon_core.shell:Creating package script '/home/manavendra/ros2_ws/src/install/lab1_cpp/share/lab1_cpp/package.bash'
[8.698s] INFO:colcon.colcon_core.shell:Creating package script '/home/manavendra/ros2_ws/src/install/lab1_cpp/share/lab1_cpp/package.zsh'
[8.699s] Level 1:colcon.colcon_core.environment:create_file_with_runtime_dependencies(/home/manavendra/ros2_ws/src/install/lab1_cpp/share/colcon-core/packages/lab1_cpp)
[8.699s] DEBUG:colcon.colcon_parallel_executor.executor.parallel:closing loop
[8.699s] DEBUG:colcon.colcon_parallel_executor.executor.parallel:loop closed
[8.699s] DEBUG:colcon.colcon_parallel_executor.executor.parallel:run_until_complete finished with '0'
[8.700s] DEBUG:colcon.colcon_core.event_reactor:joining thread
[8.708s] INFO:colcon.colcon_core.plugin_system:Skipping extension 'colcon_notification.desktop_notification.terminal_notifier': Not used on non-Darwin systems
[8.709s] INFO:colcon.colcon_core.plugin_system:Skipping extension 'colcon_notification.desktop_notification.win32': Not used on non-Windows systems
[8.709s] INFO:colcon.colcon_notification.desktop_notification:Sending desktop notification using 'notify2'
[8.731s] DEBUG:colcon.colcon_core.event_reactor:joined thread
[8.732s] INFO:colcon.colcon_core.shell:Creating prefix script '/home/manavendra/ros2_ws/src/install/local_setup.ps1'
[8.734s] INFO:colcon.colcon_core.shell:Creating prefix util module '/home/manavendra/ros2_ws/src/install/_local_setup_util_ps1.py'
[8.736s] INFO:colcon.colcon_core.shell:Creating prefix chain script '/home/manavendra/ros2_ws/src/install/setup.ps1'
[8.738s] INFO:colcon.colcon_core.shell:Creating prefix script '/home/manavendra/ros2_ws/src/install/local_setup.sh'
[8.739s] INFO:colcon.colcon_core.shell:Creating prefix util module '/home/manavendra/ros2_ws/src/install/_local_setup_util_sh.py'
[8.739s] INFO:colcon.colcon_core.shell:Creating prefix chain script '/home/manavendra/ros2_ws/src/install/setup.sh'
[8.741s] INFO:colcon.colcon_core.shell:Creating prefix script '/home/manavendra/ros2_ws/src/install/local_setup.bash'
[8.742s] INFO:colcon.colcon_core.shell:Creating prefix chain script '/home/manavendra/ros2_ws/src/install/setup.bash'
[8.744s] INFO:colcon.colcon_core.shell:Creating prefix script '/home/manavendra/ros2_ws/src/install/local_setup.zsh'
[8.745s] INFO:colcon.colcon_core.shell:Creating prefix chain script '/home/manavendra/ros2_ws/src/install/setup.zsh'
