running egg_info
creating ../build/lab1_py/lab1_py.egg-info
writing ../build/lab1_py/lab1_py.egg-info/PKG-INFO
writing dependency_links to ../build/lab1_py/lab1_py.egg-info/dependency_links.txt
writing entry points to ../build/lab1_py/lab1_py.egg-info/entry_points.txt
writing requirements to ../build/lab1_py/lab1_py.egg-info/requires.txt
writing top-level names to ../build/lab1_py/lab1_py.egg-info/top_level.txt
writing manifest file '../build/lab1_py/lab1_py.egg-info/SOURCES.txt'
reading manifest file '../build/lab1_py/lab1_py.egg-info/SOURCES.txt'
writing manifest file '../build/lab1_py/lab1_py.egg-info/SOURCES.txt'
running build
running build_py
creating /home/manavendra/ros2_ws/src/build/lab1_py/build
creating /home/manavendra/ros2_ws/src/build/lab1_py/build/lib
creating /home/manavendra/ros2_ws/src/build/lab1_py/build/lib/lab1_py
copying lab1_py/__init__.py -> /home/manavendra/ros2_ws/src/build/lab1_py/build/lib/lab1_py
copying lab1_py/relay.py -> /home/manavendra/ros2_ws/src/build/lab1_py/build/lib/lab1_py
copying lab1_py/talker.py -> /home/manavendra/ros2_ws/src/build/lab1_py/build/lib/lab1_py
running install
running install_lib
creating /home/manavendra/ros2_ws/src/install/lab1_py/lib/python3.8/site-packages/lab1_py
copying /home/manavendra/ros2_ws/src/build/lab1_py/build/lib/lab1_py/__init__.py -> /home/manavendra/ros2_ws/src/install/lab1_py/lib/python3.8/site-packages/lab1_py
copying /home/manavendra/ros2_ws/src/build/lab1_py/build/lib/lab1_py/relay.py -> /home/manavendra/ros2_ws/src/install/lab1_py/lib/python3.8/site-packages/lab1_py
copying /home/manavendra/ros2_ws/src/build/lab1_py/build/lib/lab1_py/talker.py -> /home/manavendra/ros2_ws/src/install/lab1_py/lib/python3.8/site-packages/lab1_py
byte-compiling /home/manavendra/ros2_ws/src/install/lab1_py/lib/python3.8/site-packages/lab1_py/__init__.py to __init__.cpython-38.pyc
byte-compiling /home/manavendra/ros2_ws/src/install/lab1_py/lib/python3.8/site-packages/lab1_py/relay.py to relay.cpython-38.pyc
byte-compiling /home/manavendra/ros2_ws/src/install/lab1_py/lib/python3.8/site-packages/lab1_py/talker.py to talker.cpython-38.pyc
running install_data
creating /home/manavendra/ros2_ws/src/install/lab1_py/share/ament_index
creating /home/manavendra/ros2_ws/src/install/lab1_py/share/ament_index/resource_index
creating /home/manavendra/ros2_ws/src/install/lab1_py/share/ament_index/resource_index/packages
copying resource/lab1_py -> /home/manavendra/ros2_ws/src/install/lab1_py/share/ament_index/resource_index/packages
copying package.xml -> /home/manavendra/ros2_ws/src/install/lab1_py/share/lab1_py
copying launch/lab1_launch.py -> /home/manavendra/ros2_ws/src/install/lab1_py/share/lab1_py
running install_egg_info
Copying ../build/lab1_py/lab1_py.egg-info to /home/manavendra/ros2_ws/src/install/lab1_py/lib/python3.8/site-packages/lab1_py-0.0.0-py3.8.egg-info
running install_scripts
Installing relay script to /home/manavendra/ros2_ws/src/install/lab1_py/lib/lab1_py
Installing talker script to /home/manavendra/ros2_ws/src/install/lab1_py/lib/lab1_py
writing list of installed files to '/home/manavendra/ros2_ws/src/build/lab1_py/install.log'
